Using pre-set license
Built from '2020.3/staging' branch; Version is '2020.3.42f1 (7ade1201f527) revision 8052242'; Using compiler version '192528614'; Build Type 'Release'
OS: 'Windows 8.1  (6.3.0) 64bit EmbeddedIndustry' Language: 'en' Physical Memory: 16348 MB
BatchMode: 1, IsHumanControllingUs: 0, StartBugReporterOnCrash: 0, Is64bit: 1, IsPro: 0

COMMAND LINE ARGUMENTS:
C:\Program Files\Unity\Hub\Editor\2020.3.42f1\Editor\Unity.exe
-adb2
-batchMode
-noUpm
-name
AssetImportWorker0
-projectPath
Z:/SourceUploaded/Itch/City Fighter vs Street Gang and Doc/Hungry Warriors
-logFile
Logs/AssetImportWorker0.log
-srvPort
60605
Successfully changed project path to: Z:/SourceUploaded/Itch/City Fighter vs Street Gang and Doc/Hungry Warriors
Z:/SourceUploaded/Itch/City Fighter vs Street Gang and Doc/Hungry Warriors
Using Asset Import Pipeline V2.
Refreshing native plugins compatible for Editor in 140.18 ms, found 2 plugins.
Preloading 0 native plugins for Editor in 0.00 ms.
Initialize engine version: 2020.3.42f1 (7ade1201f527)
[Subsystems] Discovering subsystems at path C:/Program Files/Unity/Hub/Editor/2020.3.42f1/Editor/Data/Resources/UnitySubsystems
[Subsystems] Discovering subsystems at path Z:/SourceUploaded/Itch/City Fighter vs Street Gang and Doc/Hungry Warriors/Assets
GfxDevice: creating device client; threaded=0
d3d11: QueryInterface(IDXGIFactory5) failed (80004002).
Direct3D:
    Version:  Direct3D 11.0 [level 11.1]
    Renderer: Radeon (TM) RX 470 Graphics (ID=0x67df)
    Vendor:   
    VRAM:     4040 MB
    Driver:   22.19.171.1024
Initialize mono
Mono path[0] = 'C:/Program Files/Unity/Hub/Editor/2020.3.42f1/Editor/Data/Managed'
Mono path[1] = 'C:/Program Files/Unity/Hub/Editor/2020.3.42f1/Editor/Data/MonoBleedingEdge/lib/mono/unityjit'
Mono config path = 'C:/Program Files/Unity/Hub/Editor/2020.3.42f1/Editor/Data/MonoBleedingEdge/etc'
Using monoOptions --debugger-agent=transport=dt_socket,embedding=1,server=y,suspend=n,address=127.0.0.1:56628
Begin MonoManager ReloadAssembly
Registering precompiled unity dll's ...
Register platform support module: C:/Program Files/Unity/Hub/Editor/2020.3.42f1/Editor/Data/PlaybackEngines/WindowsStandaloneSupport/UnityEditor.WindowsStandalone.Extensions.dll
Registered in 0.001719 seconds.
Native extension for WindowsStandalone target not found
Refreshing native plugins compatible for Editor in 129.02 ms, found 2 plugins.
Preloading 0 native plugins for Editor in 0.00 ms.
Mono: successfully reloaded assembly
- Completed reload, in  0.818 seconds
Domain Reload Profiling:
	ReloadAssembly (818ms)
		BeginReloadAssembly (79ms)
			ExecutionOrderSort (0ms)
			DisableScriptedObjects (0ms)
			BackupInstance (0ms)
			ReleaseScriptingObjects (0ms)
			CreateAndSetChildDomain (1ms)
		EndReloadAssembly (653ms)
			LoadAssemblies (76ms)
			RebuildTransferFunctionScriptingTraits (0ms)
			SetupTypeCache (186ms)
			ReleaseScriptCaches (0ms)
			RebuildScriptCaches (39ms)
			SetupLoadedEditorAssemblies (291ms)
				LogAssemblyErrors (0ms)
				InitializePlatformSupportModulesInManaged (6ms)
				SetLoadedEditorAssemblies (0ms)
				RefreshPlugins (129ms)
				BeforeProcessingInitializeOnLoad (20ms)
				ProcessInitializeOnLoadAttributes (100ms)
				ProcessInitializeOnLoadMethodAttributes (35ms)
				AfterProcessingInitializeOnLoad (0ms)
				EditorAssembliesLoaded (0ms)
			ExecutionOrderSort2 (0ms)
			AwakeInstancesAfterBackupRestoration (0ms)
Platform modules already initialized, skipping
Registering precompiled user dll's ...
Registered in 0.010159 seconds.
Begin MonoManager ReloadAssembly
Native extension for WindowsStandalone target not found
Refreshing native plugins compatible for Editor in 1.57 ms, found 2 plugins.
Preloading 0 native plugins for Editor in 0.00 ms.
Mono: successfully reloaded assembly
- Completed reload, in  1.544 seconds
Domain Reload Profiling:
	ReloadAssembly (1545ms)
		BeginReloadAssembly (181ms)
			ExecutionOrderSort (0ms)
			DisableScriptedObjects (7ms)
			BackupInstance (0ms)
			ReleaseScriptingObjects (0ms)
			CreateAndSetChildDomain (20ms)
		EndReloadAssembly (1292ms)
			LoadAssemblies (131ms)
			RebuildTransferFunctionScriptingTraits (0ms)
			SetupTypeCache (396ms)
			ReleaseScriptCaches (1ms)
			RebuildScriptCaches (74ms)
			SetupLoadedEditorAssemblies (587ms)
				LogAssemblyErrors (0ms)
				InitializePlatformSupportModulesInManaged (5ms)
				SetLoadedEditorAssemblies (1ms)
				RefreshPlugins (2ms)
				BeforeProcessingInitializeOnLoad (142ms)
				ProcessInitializeOnLoadAttributes (322ms)
				ProcessInitializeOnLoadMethodAttributes (109ms)
				AfterProcessingInitializeOnLoad (6ms)
				EditorAssembliesLoaded (0ms)
			ExecutionOrderSort2 (0ms)
			AwakeInstancesAfterBackupRestoration (2ms)
Platform modules already initialized, skipping
========================================================================
Worker process is ready to serve import requests
Launched and connected shader compiler UnityShaderCompiler.exe after 0.02 seconds
Refreshing native plugins compatible for Editor in 1.50 ms, found 2 plugins.
Preloading 0 native plugins for Editor in 0.00 ms.
Unloading 2863 Unused Serialized files (Serialized files now loaded: 0)
System memory in use before: 114.0 MB.
System memory in use after: 114.2 MB.

Unloading 84 unused Assets to reduce memory usage. Loaded Objects now: 3275.
Total: 8.023621 ms (FindLiveObjects: 0.239583 ms CreateObjectMapping: 0.129894 ms MarkObjects: 7.530985 ms  DeleteObjects: 0.121235 ms)

AssetImportParameters requested are different than current active one (requested -> active):
  custom:framework-win-MediaFoundation: 216162199b28c13a410421893ffa2e32 -> 
  custom:video-decoder-ogg-theora: a1e56fd34408186e4bbccfd4996cb3dc -> 
  custom:container-muxer-webm: aa71ff27fc2769a1b78a27578f13a17b -> 
  custom:container-demuxer-webm: 4f35f7cbe854078d1ac9338744f61a02 -> 
  custom:container-demuxer-ogg: 62fdf1f143b41e24485cea50d1cbac27 -> 
  custom:video-encoder-webm-vp8: eb34c28f22e8b96e1ab97ce403110664 -> 
  custom:video-decoder-webm-vp8: 9c59270c3fd7afecdb556c50c9e8de78 -> 
  custom:audio-decoder-ogg-vorbis: bf7c407c2cedff20999df2af8eb42d56 -> 
  custom:audio-encoder-webm-vorbis: bf7c407c2cedff20999df2af8eb42d56 -> 
========================================================================
Received Import Request.
  path: Assets/Resources/levels/Level15.prefab
  artifactKey: Guid(f590750390054e4bbc11410fc7df9303) Importer(815301076,1909f56bfc062723c751e8b465ee728b)
Start importing Assets/Resources/levels/Level15.prefab using Guid(f590750390054e4bbc11410fc7df9303) Importer(815301076,1909f56bfc062723c751e8b465ee728b)  -> (artifact id: '5b9a0be9949939c2a58b678cc01aad9b') in 11.273933 seconds 
========================================================================
Received Import Request.
  Time since last request: 0.000336 seconds.
  path: Assets/Resources/levels/Level21.prefab
  artifactKey: Guid(ae35429250e347cb9a287d51f3ae38e5) Importer(815301076,1909f56bfc062723c751e8b465ee728b)
Start importing Assets/Resources/levels/Level21.prefab using Guid(ae35429250e347cb9a287d51f3ae38e5) Importer(815301076,1909f56bfc062723c751e8b465ee728b)  -> (artifact id: '282c3e0ca82969fa62288b0d84afa98a') in 4.468059 seconds 
========================================================================
Received Import Request.
  Time since last request: 0.000271 seconds.
  path: Assets/Resources/levels/Level20.prefab
  artifactKey: Guid(b153f8b1bb784d869678c59a0443f5bd) Importer(815301076,1909f56bfc062723c751e8b465ee728b)
Start importing Assets/Resources/levels/Level20.prefab using Guid(b153f8b1bb784d869678c59a0443f5bd) Importer(815301076,1909f56bfc062723c751e8b465ee728b)  -> (artifact id: 'b38664729da538515d33d3617f96edd8') in 3.634775 seconds 
========================================================================
Received Import Request.
  Time since last request: 0.000360 seconds.
  path: Assets/PolygonSciFiCity/_Prefabs/Characters/Character_Alien_Male_02.prefab
  artifactKey: Guid(b057ea2a8dfb7544fa2448a2e1357367) Importer(815301076,1909f56bfc062723c751e8b465ee728b)
Start importing Assets/PolygonSciFiCity/_Prefabs/Characters/Character_Alien_Male_02.prefab using Guid(b057ea2a8dfb7544fa2448a2e1357367) Importer(815301076,1909f56bfc062723c751e8b465ee728b)  -> (artifact id: 'a9621567baf417bb686c34b608119b82') in 0.799001 seconds 
========================================================================
Received Import Request.
  Time since last request: 0.000305 seconds.
  path: Assets/Resources/levels/Level14.prefab
  artifactKey: Guid(248a295bdcca4b47911f043f37131eb8) Importer(815301076,1909f56bfc062723c751e8b465ee728b)
Start importing Assets/Resources/levels/Level14.prefab using Guid(248a295bdcca4b47911f043f37131eb8) Importer(815301076,1909f56bfc062723c751e8b465ee728b)  -> (artifact id: '2ebe6a6a0a33680270ec4e09162c07db') in 3.917630 seconds 
========================================================================
Received Import Request.
  Time since last request: 0.000275 seconds.
  path: Assets/Meshs/Character_Female_FBI.asset
  artifactKey: Guid(45c0252f799d446cac3b7841db225f96) Importer(815301076,1909f56bfc062723c751e8b465ee728b)
Start importing Assets/Meshs/Character_Female_FBI.asset using Guid(45c0252f799d446cac3b7841db225f96) Importer(815301076,1909f56bfc062723c751e8b465ee728b)  -> (artifact id: '1b54b8d10f6c436641edabd9c95cde7a') in 0.204225 seconds 
========================================================================
Received Import Request.
  Time since last request: 0.000242 seconds.
  path: Assets/Resources/levels/Level6.prefab
  artifactKey: Guid(2790d3fb099e4c79a7036719340b3e76) Importer(815301076,1909f56bfc062723c751e8b465ee728b)
Start importing Assets/Resources/levels/Level6.prefab using Guid(2790d3fb099e4c79a7036719340b3e76) Importer(815301076,1909f56bfc062723c751e8b465ee728b)  -> (artifact id: '5c14cb0c8bb9cbee0604b2282065f97a') in 4.312651 seconds 
========================================================================
Received Import Request.
  Time since last request: 0.000290 seconds.
  path: Assets/Resources/levels/Level22.prefab
  artifactKey: Guid(d89309c2ad7f435387097bf5e6ff2a70) Importer(815301076,1909f56bfc062723c751e8b465ee728b)
Start importing Assets/Resources/levels/Level22.prefab using Guid(d89309c2ad7f435387097bf5e6ff2a70) Importer(815301076,1909f56bfc062723c751e8b465ee728b)  -> (artifact id: '5d92187d6fcfbf5982159cd04086f725') in 4.235598 seconds 
========================================================================
Received Import Request.
  Time since last request: 0.000258 seconds.
  path: Assets/PolygonSciFiCity/_Prefabs/Characters/FixedScaleCharacters/Character_Alien_Male_02.prefab
  artifactKey: Guid(9724bf37757803a4997ef69d34974e3d) Importer(815301076,1909f56bfc062723c751e8b465ee728b)
Start importing Assets/PolygonSciFiCity/_Prefabs/Characters/FixedScaleCharacters/Character_Alien_Male_02.prefab using Guid(9724bf37757803a4997ef69d34974e3d) Importer(815301076,1909f56bfc062723c751e8b465ee728b)  -> (artifact id: '478a4dff36033b5b90a94be734820370') in 0.447542 seconds 
========================================================================
Received Import Request.
  Time since last request: 0.000254 seconds.
  path: Assets/PolygonSciFiCity/_Prefabs/Characters/FixedScaleCharacters/Character_Augmented_Male_01.prefab
  artifactKey: Guid(a37e15f4f9ea2284097945cfeb8fe9c0) Importer(815301076,1909f56bfc062723c751e8b465ee728b)
Start importing Assets/PolygonSciFiCity/_Prefabs/Characters/FixedScaleCharacters/Character_Augmented_Male_01.prefab using Guid(a37e15f4f9ea2284097945cfeb8fe9c0) Importer(815301076,1909f56bfc062723c751e8b465ee728b)  -> (artifact id: '6a6336d69d8709060b7839d887511bb2') in 0.272715 seconds 
========================================================================
Received Import Request.
  Time since last request: 0.000285 seconds.
  path: Assets/Resources/levels/Level23.prefab
  artifactKey: Guid(df2b873b10a44e0280ade3678f5149f5) Importer(815301076,1909f56bfc062723c751e8b465ee728b)
Start importing Assets/Resources/levels/Level23.prefab using Guid(df2b873b10a44e0280ade3678f5149f5) Importer(815301076,1909f56bfc062723c751e8b465ee728b)  -> (artifact id: '6b9d900fa9dfcbc979a0c4adebbc1fd7') in 3.827811 seconds 
========================================================================
Received Import Request.
  Time since last request: 0.000336 seconds.
  path: Assets/PolygonTown/Materials/Misc/Base_Glass.mat
  artifactKey: Guid(a42d40093a06b634cb49e6bfda441946) Importer(815301076,1909f56bfc062723c751e8b465ee728b)
Start importing Assets/PolygonTown/Materials/Misc/Base_Glass.mat using Guid(a42d40093a06b634cb49e6bfda441946) Importer(815301076,1909f56bfc062723c751e8b465ee728b)  -> (artifact id: 'e5cc9dcf2ab12f40bcb6e95023358281') in 0.233532 seconds 
========================================================================
Received Import Request.
  Time since last request: 0.000216 seconds.
  path: Assets/Materials/Black.mat
  artifactKey: Guid(836ce3442084f314a8b8130097b59675) Importer(815301076,1909f56bfc062723c751e8b465ee728b)
Start importing Assets/Materials/Black.mat using Guid(836ce3442084f314a8b8130097b59675) Importer(815301076,1909f56bfc062723c751e8b465ee728b)  -> (artifact id: '26f9984bb502d620044f279d4a17aa94') in 0.024093 seconds 
========================================================================
Received Import Request.
  Time since last request: 0.000279 seconds.
  path: Assets/Resources/items/5Mallet.prefab
  artifactKey: Guid(c6f6ec5662e944b692ee6e2785896e99) Importer(815301076,1909f56bfc062723c751e8b465ee728b)
Start importing Assets/Resources/items/5Mallet.prefab using Guid(c6f6ec5662e944b692ee6e2785896e99) Importer(815301076,1909f56bfc062723c751e8b465ee728b)  -> (artifact id: '6dc63bfef8275c8a7360728745b70875') in 0.325977 seconds 
========================================================================
Received Import Request.
  Time since last request: 0.000278 seconds.
  path: Assets/Resources/levels/Level24.prefab
  artifactKey: Guid(afff482e1e3748d68e878b9bb4ca5efb) Importer(815301076,1909f56bfc062723c751e8b465ee728b)
Start importing Assets/Resources/levels/Level24.prefab using Guid(afff482e1e3748d68e878b9bb4ca5efb) Importer(815301076,1909f56bfc062723c751e8b465ee728b)  -> (artifact id: 'c5e1634ed2cc098161828cc578aa4704') in 3.792564 seconds 
========================================================================
Received Import Request.
  Time since last request: 0.000467 seconds.
  path: Assets/Resources/levels
  artifactKey: Guid(43611511e5d903544b738cd2a8784ac0) Importer(815301076,1909f56bfc062723c751e8b465ee728b)
Start importing Assets/Resources/levels using Guid(43611511e5d903544b738cd2a8784ac0) Importer(815301076,1909f56bfc062723c751e8b465ee728b)  -> (artifact id: 'fda38e84d01c3f1395cd14ccefb6b0d1') in 0.013960 seconds 
========================================================================
Received Import Request.
  Time since last request: 0.000214 seconds.
  path: Assets/Resources/levels/Level8.prefab
  artifactKey: Guid(d95c5fc2a5d449ad8c4507b63eede0f5) Importer(815301076,1909f56bfc062723c751e8b465ee728b)
Start importing Assets/Resources/levels/Level8.prefab using Guid(d95c5fc2a5d449ad8c4507b63eede0f5) Importer(815301076,1909f56bfc062723c751e8b465ee728b)  -> (artifact id: 'd38d39822a1d933ad5b5133efd56b891') in 3.532706 seconds 
========================================================================
Received Import Request.
  Time since last request: 0.000330 seconds.
  path: Assets/PolygonSciFiCity/_Prefabs/Characters/Character_Android_Female_01.prefab
  artifactKey: Guid(c071869dabd01174ba88c8f43a9cc9be) Importer(815301076,1909f56bfc062723c751e8b465ee728b)
Start importing Assets/PolygonSciFiCity/_Prefabs/Characters/Character_Android_Female_01.prefab using Guid(c071869dabd01174ba88c8f43a9cc9be) Importer(815301076,1909f56bfc062723c751e8b465ee728b)  -> (artifact id: '2b3a99b4cc90f0798ccc589a5f72a1ac') in 0.271079 seconds 
========================================================================
Received Import Request.
  Time since last request: 0.000276 seconds.
  path: Assets/Resources/levels/Level3.prefab
  artifactKey: Guid(1add86f49a504b1c85a353b56631670e) Importer(815301076,1909f56bfc062723c751e8b465ee728b)
Start importing Assets/Resources/levels/Level3.prefab using Guid(1add86f49a504b1c85a353b56631670e) Importer(815301076,1909f56bfc062723c751e8b465ee728b)  -> (artifact id: '8256afd47b3d3610db1ac1055a14ea2b') in 4.249699 seconds 
========================================================================
Received Import Request.
  Time since last request: 0.000303 seconds.
  path: Assets/Standard Assets/Scripts/ControlFreak2/Demos/RPG/LevelData.cs
  artifactKey: Guid(f161fb33bfc40b0f374e2239fc735149) Importer(815301076,1909f56bfc062723c751e8b465ee728b)
Start importing Assets/Standard Assets/Scripts/ControlFreak2/Demos/RPG/LevelData.cs using Guid(f161fb33bfc40b0f374e2239fc735149) Importer(815301076,1909f56bfc062723c751e8b465ee728b)  -> (artifact id: '68e725f74016a6c352b9cf8d2d7f15c7') in 0.079684 seconds 
========================================================================
Received Import Request.
  Time since last request: 0.000316 seconds.
  path: Assets/PolygonSciFiCity/_Prefabs/Characters/Character_Cyber_Male_01.prefab
  artifactKey: Guid(4ec55b0fc5a631142b1505018530d38b) Importer(815301076,1909f56bfc062723c751e8b465ee728b)
Start importing Assets/PolygonSciFiCity/_Prefabs/Characters/Character_Cyber_Male_01.prefab using Guid(4ec55b0fc5a631142b1505018530d38b) Importer(815301076,1909f56bfc062723c751e8b465ee728b)  -> (artifact id: '12141afeb4d5d0d0e1971ee2a320c192') in 0.652551 seconds 
========================================================================
Received Import Request.
  Time since last request: 0.000225 seconds.
  path: Assets/PolygonSciFiCity/_Prefabs/Characters/Character_Cyber_Female_01.prefab
  artifactKey: Guid(8b2f7c67154f424439e862a1239f81ea) Importer(815301076,1909f56bfc062723c751e8b465ee728b)
Start importing Assets/PolygonSciFiCity/_Prefabs/Characters/Character_Cyber_Female_01.prefab using Guid(8b2f7c67154f424439e862a1239f81ea) Importer(815301076,1909f56bfc062723c751e8b465ee728b)  -> (artifact id: 'f41d807c8bcb64f7fa3cd49c267c38e8') in 0.353290 seconds 
========================================================================
Received Import Request.
  Time since last request: 0.000249 seconds.
  path: Assets/Resources/levels/Level17.prefab
  artifactKey: Guid(7c80a074af02457c839edb1e347d4e92) Importer(815301076,1909f56bfc062723c751e8b465ee728b)
Start importing Assets/Resources/levels/Level17.prefab using Guid(7c80a074af02457c839edb1e347d4e92) Importer(815301076,1909f56bfc062723c751e8b465ee728b)  -> (artifact id: 'c87246d3a627e1e1d0c9dce4e51e91f3') in 3.878583 seconds 
========================================================================
Received Import Request.
  Time since last request: 0.000288 seconds.
  path: Assets/Resources/levels/Level9.prefab
  artifactKey: Guid(d47b557f69b04a6a9ceaa0dd379681e1) Importer(815301076,1909f56bfc062723c751e8b465ee728b)
Start importing Assets/Resources/levels/Level9.prefab using Guid(d47b557f69b04a6a9ceaa0dd379681e1) Importer(815301076,1909f56bfc062723c751e8b465ee728b)  -> (artifact id: 'c2e0f5f24451ffa536809200b6a16034') in 3.988832 seconds 
========================================================================
Received Import Request.
  Time since last request: 0.000318 seconds.
  path: Assets/Resources/levels/Level5.prefab
  artifactKey: Guid(a3b1059aedc24f619f73322798bb6e9e) Importer(815301076,1909f56bfc062723c751e8b465ee728b)
Start importing Assets/Resources/levels/Level5.prefab using Guid(a3b1059aedc24f619f73322798bb6e9e) Importer(815301076,1909f56bfc062723c751e8b465ee728b)  -> (artifact id: 'a880cc6156e1ff452300a966d871d5fb') in 5.241455 seconds 
========================================================================
Received Import Request.
  Time since last request: 36924.968450 seconds.
  path: Assets/512black.png
  artifactKey: Guid(46aac81b7b2380f449e555e80a5df265) Importer(815301076,1909f56bfc062723c751e8b465ee728b)
Start importing Assets/512black.png using Guid(46aac81b7b2380f449e555e80a5df265) Importer(815301076,1909f56bfc062723c751e8b465ee728b)  -> (artifact id: 'cd02798dede66ffc07e0c671f16f4dc8') in 0.081848 seconds 
========================================================================
Received Import Request.
  Time since last request: 4461.575826 seconds.
  path: Assets/GoogleMobileAds/Resources/GoogleMobileAdsSettings.asset
  artifactKey: Guid(98a5ca3365b35c84583c29a4924dad9e) Importer(815301076,1909f56bfc062723c751e8b465ee728b)
Start importing Assets/GoogleMobileAds/Resources/GoogleMobileAdsSettings.asset using Guid(98a5ca3365b35c84583c29a4924dad9e) Importer(815301076,1909f56bfc062723c751e8b465ee728b)  -> (artifact id: '2f68588321f52c2ffcd547db0587e256') in 0.010913 seconds 
========================================================================
Received Prepare
Refreshing native plugins compatible for Editor in 28.85 ms, found 2 plugins.
Preloading 0 native plugins for Editor in 0.00 ms.
Unloading 125 Unused Serialized files (Serialized files now loaded: 0)
System memory in use before: 67.4 MB.
System memory in use after: 67.6 MB.

Unloading 125 unused Assets to reduce memory usage. Loaded Objects now: 3322.
Total: 9.432573 ms (FindLiveObjects: 0.276146 ms CreateObjectMapping: 0.168382 ms MarkObjects: 8.918448 ms  DeleteObjects: 0.068315 ms)

AssetImportParameters requested are different than current active one (requested -> active):
  custom:framework-win-MediaFoundation: 216162199b28c13a410421893ffa2e32 -> 
  custom:video-decoder-ogg-theora: a1e56fd34408186e4bbccfd4996cb3dc -> 
  custom:container-muxer-webm: aa71ff27fc2769a1b78a27578f13a17b -> 
  custom:container-demuxer-webm: 4f35f7cbe854078d1ac9338744f61a02 -> 
  custom:container-demuxer-ogg: 62fdf1f143b41e24485cea50d1cbac27 -> 
  custom:video-encoder-webm-vp8: eb34c28f22e8b96e1ab97ce403110664 -> 
  custom:video-decoder-webm-vp8: 9c59270c3fd7afecdb556c50c9e8de78 -> 
  custom:audio-decoder-ogg-vorbis: bf7c407c2cedff20999df2af8eb42d56 -> 
  custom:audio-encoder-webm-vorbis: bf7c407c2cedff20999df2af8eb42d56 -> 
AssetImportWorkerClient::OnTransportError - code=2 error=End of file
