
=== Sat Jun 26 00:14:09 2021

Packages were changed.
Update Mode: updateDependencies

The following packages were added:
  com.unity.collab-proxy@1.2.15
The following packages were updated:
  com.unity.analytics from version 2.0.16 to 3.2.3
  com.unity.package-manager-ui from version 1.9.11 to 2.0.13
  com.unity.purchasing from version 2.0.3 to 2.1.1
  com.unity.textmeshpro from version 1.2.4 to 1.4.1

=== Sat Sep 10 01:42:29 2022

Packages were changed.
Update Mode: updateDependencies

The following packages were added:
  com.unity.2d.sprite@1.0.0
  com.unity.2d.tilemap@1.0.0
  com.unity.ide.rider@1.2.1
  com.unity.ide.visualstudio@2.0.15
  com.unity.ide.vscode@1.2.5
  com.unity.modules.androidjni@1.0.0
  com.unity.multiplayer-hlapi@1.0.8
  com.unity.test-framework@1.1.31
  com.unity.timeline@1.2.18
  com.unity.ugui@1.0.0
  com.unity.xr.legacyinputhelpers@2.1.9
The following packages were updated:
  com.unity.ads from version 2.0.8 to 3.7.5
  com.unity.analytics from version 3.2.3 to 3.6.12
  com.unity.collab-proxy from version 1.2.15 to 1.14.16
  com.unity.purchasing from version 2.1.1 to 4.1.4
  com.unity.textmeshpro from version 1.4.1 to 2.1.4
The following packages were removed:
  com.unity.package-manager-ui@2.0.13

=== Sat Sep 10 02:19:56 2022

Packages were changed.
Update Mode: updateDependencies

The following packages were updated:
  com.unity.collab-proxy from version 1.14.16 to 1.17.0
  com.unity.ide.rider from version 1.2.1 to 2.0.7
  com.unity.ide.visualstudio from version 2.0.15 to 2.0.16
  com.unity.purchasing from version 4.1.5 to 4.2.1
  com.unity.textmeshpro from version 2.1.4 to 3.0.6
  com.unity.timeline from version 1.2.18 to 1.4.8

=== Thu Feb 23 12:02:09 2023

Packages were changed.
Update Mode: updateDependencies

The following packages were updated:
  com.unity.collab-proxy from version 1.17.0 to 1.17.6
  com.unity.ide.rider from version 2.0.7 to 3.0.16
  com.unity.purchasing from version 4.2.1 to 4.5.1
  com.unity.test-framework from version 1.1.31 to 1.1.33
  com.unity.xr.legacyinputhelpers from version 2.1.9 to 2.1.10
